DEBUG:commons:version: 6.2.4 *
DEBUG:typing:version: 6.2.3
DEBUG:duckietown_world:duckietown-world version 6.2.39 path /home/martonoravecz/miniconda3/envs/gym-duckietown/lib/python3.7/site-packages
DEBUG:geometry:PyGeometry-z6 version 2.1.4 path /home/martonoravecz/miniconda3/envs/gym-duckietown/lib/python3.7/site-packages
DEBUG:aido_schemas:aido-protocols version 6.0.59 path /home/martonoravecz/miniconda3/envs/gym-duckietown/lib/python3.7/site-packages
DEBUG:nodes:version 6.2.13 path /home/martonoravecz/miniconda3/envs/gym-duckietown/lib/python3.7/site-packages pyparsing 3.0.9
{'audio': ('xaudio2', 'directsound', 'openal', 'pulse', 'silent'), 'debug_font': False, 'debug_gl': True, 'debug_gl_trace': False, 'debug_gl_trace_args': False, 'debug_graphics_batch': False, 'debug_lib': False, 'debug_media': False, 'debug_texture': False, 'debug_trace': False, 'debug_trace_args': False, 'debug_trace_depth': 1, 'debug_trace_flush': True, 'debug_win32': False, 'debug_x11': False, 'graphics_vbo': True, 'shadow_window': True, 'vsync': None, 'xsync': True, 'xlib_fullscreen_override_redirect': False, 'darwin_cocoa': True, 'search_local_libs': True, 'advanced_font_features': False, 'headless': False, 'headless_device': 0, 'win32_disable_shaping': False}
DEBUG:gym-duckietown:gym-duckietown version 6.1.31 path /home/martonoravecz/gym-duckietown/src

Traceback (most recent call last):
  File "./manual_control.py", line 17, in <module>
    from gym_duckietown.envs import DuckietownEnv
  File "/home/martonoravecz/gym-duckietown/src/gym_duckietown/envs/__init__.py", line 4, in <module>
    from gym_duckietown.envs.duckietown_env import DuckietownEnv
  File "/home/martonoravecz/gym-duckietown/src/gym_duckietown/envs/duckietown_env.py", line 5, in <module>
    from ..simulator import Simulator
  File "/home/martonoravecz/gym-duckietown/src/gym_duckietown/simulator.py", line 52, in <module>
    from .distortion import Distortion
  File "/home/martonoravecz/gym-duckietown/src/gym_duckietown/distortion.py", line 5, in <module>
    import carnivalmirror as cm
ModuleNotFoundError: No module named 'carnivalmirror'
