(base) martonoravecz@bud-len-budapest-002:~/gym-duckietown$ conda env create -f environment.yaml 
Warning: you have pip-installed dependencies in your environment file, but you do not list pip itself as one of your conda dependencies.  Conda may not use the correct pip to install your packages, and they may end up in the wrong place.  Please add an explicit pip dependency.  I'm adding one for you, but still nagging you.
Collecting package metadata (repodata.json): done
Solving environment: \ 
Found conflicts! Looking for incompatible packages.
This can take several minutes.  Press CTRL-C to abort.
failed                                                                          
Solving environment: | 
Found conflicts! Looking for incompatible packages.
This can take several minutes.  Press CTRL-C to abort.
failed                                                                          

UnsatisfiableError: The following specifications were found to be incompatible with each other:

Output in format: Requested package -> Available versions

Package _openmp_mutex conflicts for:
pyzmq -> libgcc-ng[version='>=11.2.0'] -> _openmp_mutex[version='>=4.5']
pytorch=0.3 -> libgcc-ng[version='>=5.4.0'] -> _openmp_mutex[version='>=4.5']
python=3.6 -> libgcc-ng[version='>=7.5.0'] -> _openmp_mutex[version='>=4.5']
torchvision -> pytorch==1.10.2 -> _openmp_mutex[version='>=4.5']
pyyaml=3.12 -> libgcc-ng[version='>=7.2.0'] -> _openmp_mutex[version='>=4.5']
numpy -> libgcc-ng[version='>=11.2.0'] -> _openmp_mutex[version='>=4.5']

Package pip conflicts for:
numpy -> python[version='>=3.10,<3.11.0a0'] -> pip
pip
torchvision -> python[version='>=3.8,<3.9.0a0'] -> pip
pyzmq -> python[version='>=3.9,<3.10.0a0'] -> pip
python=3.6 -> pip
pyyaml=3.12 -> python[version='>=3.7,<3.8.0a0'] -> pip

Package pytorch conflicts for:
pytorch=0.3
torchvision -> pytorch[version='1.1.*|1.10.0|1.10.1|1.10.2|1.11.0|1.12.0|1.12.1|1.13.0|1.9.1|1.9.0|1.8.1|1.8.0|1.7.1|1.7.0|1.6.0|1.5.1|1.5.0|1.4.0|1.3.1|1.3.0|1.2.0|1.2.0+cu92|>=1.1.0|>=1.0.0|>=0.4|>=0.3|1.7.1.*|1.3.1.*|1.2.0.*']

Package numpy conflicts for:
numpy
torchvision -> numpy[version='>1.11|>=1.11|>=1.23.1,<2.0a0|>=1.21.5,<2.0a0']
torchvision -> pytorch==1.10.2 -> numpy[version='>=1.11.3,<2.0a0|>=1.16.6,<2.0a0|>=1.19|>=1.21.2,<2.0a0|>=1.14.6,<2.0a0|>=1.9.3,<2.0a0|>=1.9']

Package libuuid conflicts for:
pyzmq -> python[version='>=3.10,<3.11.0a0'] -> libuuid[version='>=1.0.3,<2.0a0']
pip -> python[version='>=3.10,<3.11.0a0'] -> libuuid[version='>=1.0.3,<2.0a0']
torchvision -> python[version='>=3.10,<3.11.0a0'] -> libuuid[version='>=1.0.3,<2.0a0']
numpy -> python[version='>=3.10,<3.11.0a0'] -> libuuid[version='>=1.0.3,<2.0a0']

Package setuptools conflicts for:
torchvision -> setuptools
python=3.6 -> pip -> setuptools
pip -> setuptools

Package wheel conflicts for:
pip -> wheel
python=3.6 -> pip -> wheel

Package six conflicts for:
numpy -> mkl-service[version='>=2.3.0,<3.0a0'] -> six
torchvision -> six

Package certifi conflicts for:
pip -> setuptools -> certifi[version='>=2016.09|>=2016.9.26']
torchvision -> requests -> certifi[version='>=2016.09|>=2016.9.26|>=2017.4.17']

Package intel-openmp conflicts for:
pytorch=0.3 -> mkl[version='>=2018.0.2,<2019.0a0'] -> intel-openmp
numpy -> mkl[version='>=2021.4.0,<2022.0a0'] -> intel-openmp[version='2021.*|2022.*']The following specifications were found to be incompatible with your system:

  - feature:/linux-64::__glibc==2.35=0
  - feature:|@/linux-64::__glibc==2.35=0
  - numpy -> libgcc-ng[version='>=11.2.0'] -> __glibc[version='>=2.17']
  - python=3.6 -> libgcc-ng[version='>=7.5.0'] -> __glibc[version='>=2.17']
  - pyyaml=3.12 -> libgcc-ng[version='>=7.2.0'] -> __glibc[version='>=2.17']
  - pyzmq -> libgcc-ng[version='>=11.2.0'] -> __glibc[version='>=2.17']
  - torchvision -> __glibc[version='>=2.17,<3.0.a0']
  - torchvision -> libgcc-ng[version='>=11.2.0'] -> __glibc[version='>=2.17']

Your installed version is: 2.35

